------------------------------
Tue Jan 09 2018 2:42:00 PM
GET /
HEADERS=> {
  "host": "localhost:5000",
  "connection": "keep-alive",
  "user-agent": "Mozilla/5.0 (Macintosh; Intel Mac OS X 10_12_6) AppleWebKit/537.36 (KHTML, like Gecko) Chrome/63.0.3239.84 Safari/537.36",
  "upgrade-insecure-requests": "1",
  "accept": "text/html,application/xhtml+xml,application/xml;q=0.9,image/webp,image/apng,*/*;q=0.8",
  "accept-encoding": "gzip, deflate, br",
  "accept-language": "en-US,en;q=0.9,te;q=0.8"
}
COOKIES=> {}
BODY=> {}
------------------------------
Tue Jan 09 2018 2:43:30 PM
GET /
HEADERS=> {
  "host": "localhost:5000",
  "connection": "keep-alive",
  "cache-control": "max-age=0",
  "user-agent": "Mozilla/5.0 (Macintosh; Intel Mac OS X 10_12_6) AppleWebKit/537.36 (KHTML, like Gecko) Chrome/63.0.3239.84 Safari/537.36",
  "upgrade-insecure-requests": "1",
  "accept": "text/html,application/xhtml+xml,application/xml;q=0.9,image/webp,image/apng,*/*;q=0.8",
  "accept-encoding": "gzip, deflate, br",
  "accept-language": "en-US,en;q=0.9,te;q=0.8"
}
COOKIES=> {}
BODY=> {}
------------------------------
Tue Jan 09 2018 2:44:30 PM
GET /
HEADERS=> {
  "host": "localhost:5000",
  "connection": "keep-alive",
  "cache-control": "max-age=0",
  "user-agent": "Mozilla/5.0 (Macintosh; Intel Mac OS X 10_12_6) AppleWebKit/537.36 (KHTML, like Gecko) Chrome/63.0.3239.84 Safari/537.36",
  "upgrade-insecure-requests": "1",
  "accept": "text/html,application/xhtml+xml,application/xml;q=0.9,image/webp,image/apng,*/*;q=0.8",
  "accept-encoding": "gzip, deflate, br",
  "accept-language": "en-US,en;q=0.9,te;q=0.8"
}
COOKIES=> {}
BODY=> {}
------------------------------
Tue Jan 09 2018 2:44:57 PM
GET /
HEADERS=> {
  "host": "localhost:5000",
  "connection": "keep-alive",
  "cache-control": "max-age=0",
  "user-agent": "Mozilla/5.0 (Macintosh; Intel Mac OS X 10_12_6) AppleWebKit/537.36 (KHTML, like Gecko) Chrome/63.0.3239.84 Safari/537.36",
  "upgrade-insecure-requests": "1",
  "accept": "text/html,application/xhtml+xml,application/xml;q=0.9,image/webp,image/apng,*/*;q=0.8",
  "accept-encoding": "gzip, deflate, br",
  "accept-language": "en-US,en;q=0.9,te;q=0.8"
}
COOKIES=> {}
BODY=> {}
------------------------------
Tue Jan 09 2018 2:45:22 PM
GET /
HEADERS=> {
  "host": "localhost:5000",
  "user-agent": "curl/7.54.0",
  "accept": "*/*"
}
COOKIES=> {}
BODY=> {}
------------------------------
Tue Jan 09 2018 2:46:14 PM
GET /
HEADERS=> {
  "host": "localhost:5000",
  "user-agent": "curl/7.54.0",
  "accept": "*/*"
}
COOKIES=> {}
BODY=> {}
------------------------------
Tue Jan 09 2018 3:03:59 PM
GET /guestBook.html
HEADERS=> {
  "host": "localhost:5000",
  "connection": "keep-alive",
  "cache-control": "max-age=0",
  "user-agent": "Mozilla/5.0 (Macintosh; Intel Mac OS X 10_12_6) AppleWebKit/537.36 (KHTML, like Gecko) Chrome/63.0.3239.84 Safari/537.36",
  "upgrade-insecure-requests": "1",
  "accept": "text/html,application/xhtml+xml,application/xml;q=0.9,image/webp,image/apng,*/*;q=0.8",
  "referer": "http://localhost:5000/guestBook.html",
  "accept-encoding": "gzip, deflate, br",
  "accept-language": "en-US,en;q=0.9,te;q=0.8"
}
COOKIES=> {}
BODY=> {}
------------------------------
Tue Jan 09 2018 3:03:59 PM
GET /styles/flowerCatalog.css
HEADERS=> {
  "host": "localhost:5000",
  "connection": "keep-alive",
  "user-agent": "Mozilla/5.0 (Macintosh; Intel Mac OS X 10_12_6) AppleWebKit/537.36 (KHTML, like Gecko) Chrome/63.0.3239.84 Safari/537.36",
  "accept": "text/css,*/*;q=0.1",
  "referer": "http://localhost:5000/guestBook.html",
  "accept-encoding": "gzip, deflate, br",
  "accept-language": "en-US,en;q=0.9,te;q=0.8"
}
COOKIES=> {}
BODY=> {}
------------------------------
Tue Jan 09 2018 3:05:26 PM
GET /guestBook.htm
HEADERS=> {
  "host": "localhost:5000",
  "connection": "keep-alive",
  "cache-control": "max-age=0",
  "user-agent": "Mozilla/5.0 (Macintosh; Intel Mac OS X 10_12_6) AppleWebKit/537.36 (KHTML, like Gecko) Chrome/63.0.3239.84 Safari/537.36",
  "upgrade-insecure-requests": "1",
  "accept": "text/html,application/xhtml+xml,application/xml;q=0.9,image/webp,image/apng,*/*;q=0.8",
  "accept-encoding": "gzip, deflate, br",
  "accept-language": "en-US,en;q=0.9,te;q=0.8"
}
COOKIES=> {}
BODY=> {}
------------------------------
Tue Jan 09 2018 3:09:23 PM
GET /
HEADERS=> {
  "host": "localhost:5000",
  "connection": "keep-alive",
  "user-agent": "Mozilla/5.0 (Macintosh; Intel Mac OS X 10_12_6) AppleWebKit/537.36 (KHTML, like Gecko) Chrome/63.0.3239.84 Safari/537.36",
  "upgrade-insecure-requests": "1",
  "accept": "text/html,application/xhtml+xml,application/xml;q=0.9,image/webp,image/apng,*/*;q=0.8",
  "accept-encoding": "gzip, deflate, br",
  "accept-language": "en-US,en;q=0.9,te;q=0.8"
}
COOKIES=> {}
BODY=> {}
------------------------------
Tue Jan 09 2018 3:09:33 PM
GET /
HEADERS=> {
  "host": "localhost:5000",
  "connection": "keep-alive",
  "cache-control": "max-age=0",
  "user-agent": "Mozilla/5.0 (Macintosh; Intel Mac OS X 10_12_6) AppleWebKit/537.36 (KHTML, like Gecko) Chrome/63.0.3239.84 Safari/537.36",
  "upgrade-insecure-requests": "1",
  "accept": "text/html,application/xhtml+xml,application/xml;q=0.9,image/webp,image/apng,*/*;q=0.8",
  "accept-encoding": "gzip, deflate, br",
  "accept-language": "en-US,en;q=0.9,te;q=0.8"
}
COOKIES=> {}
BODY=> {}
------------------------------
Tue Jan 09 2018 3:13:43 PM
GET /
HEADERS=> {
  "host": "localhost:5000",
  "connection": "keep-alive",
  "cache-control": "max-age=0",
  "user-agent": "Mozilla/5.0 (Macintosh; Intel Mac OS X 10_12_6) AppleWebKit/537.36 (KHTML, like Gecko) Chrome/63.0.3239.84 Safari/537.36",
  "upgrade-insecure-requests": "1",
  "accept": "text/html,application/xhtml+xml,application/xml;q=0.9,image/webp,image/apng,*/*;q=0.8",
  "accept-encoding": "gzip, deflate, br",
  "accept-language": "en-US,en;q=0.9,te;q=0.8"
}
COOKIES=> {}
BODY=> {}
------------------------------
Tue Jan 09 2018 3:13:43 PM
GET /styles/flowerCatalog.css
HEADERS=> {
  "host": "localhost:5000",
  "connection": "keep-alive",
  "user-agent": "Mozilla/5.0 (Macintosh; Intel Mac OS X 10_12_6) AppleWebKit/537.36 (KHTML, like Gecko) Chrome/63.0.3239.84 Safari/537.36",
  "accept": "text/css,*/*;q=0.1",
  "referer": "http://localhost:5000/",
  "accept-encoding": "gzip, deflate, br",
  "accept-language": "en-US,en;q=0.9,te;q=0.8"
}
COOKIES=> {}
BODY=> {}
------------------------------
Tue Jan 09 2018 3:13:43 PM
GET /images/freshorigins.jpg
HEADERS=> {
  "host": "localhost:5000",
  "connection": "keep-alive",
  "user-agent": "Mozilla/5.0 (Macintosh; Intel Mac OS X 10_12_6) AppleWebKit/537.36 (KHTML, like Gecko) Chrome/63.0.3239.84 Safari/537.36",
  "accept": "image/webp,image/apng,image/*,*/*;q=0.8",
  "referer": "http://localhost:5000/",
  "accept-encoding": "gzip, deflate, br",
  "accept-language": "en-US,en;q=0.9,te;q=0.8"
}
COOKIES=> {}
BODY=> {}
------------------------------
Tue Jan 09 2018 3:13:43 PM
GET /images/animated-flower-image-0021.gif
HEADERS=> {
  "host": "localhost:5000",
  "connection": "keep-alive",
  "user-agent": "Mozilla/5.0 (Macintosh; Intel Mac OS X 10_12_6) AppleWebKit/537.36 (KHTML, like Gecko) Chrome/63.0.3239.84 Safari/537.36",
  "accept": "image/webp,image/apng,image/*,*/*;q=0.8",
  "referer": "http://localhost:5000/",
  "accept-encoding": "gzip, deflate, br",
  "accept-language": "en-US,en;q=0.9,te;q=0.8"
}
COOKIES=> {}
BODY=> {}
------------------------------
Tue Jan 09 2018 3:13:46 PM
GET /guestBook.html
HEADERS=> {
  "host": "localhost:5000",
  "connection": "keep-alive",
  "upgrade-insecure-requests": "1",
  "user-agent": "Mozilla/5.0 (Macintosh; Intel Mac OS X 10_12_6) AppleWebKit/537.36 (KHTML, like Gecko) Chrome/63.0.3239.84 Safari/537.36",
  "accept": "text/html,application/xhtml+xml,application/xml;q=0.9,image/webp,image/apng,*/*;q=0.8",
  "referer": "http://localhost:5000/",
  "accept-encoding": "gzip, deflate, br",
  "accept-language": "en-US,en;q=0.9,te;q=0.8"
}
COOKIES=> {}
BODY=> {}
------------------------------
Tue Jan 09 2018 3:13:46 PM
GET /styles/flowerCatalog.css
HEADERS=> {
  "host": "localhost:5000",
  "connection": "keep-alive",
  "user-agent": "Mozilla/5.0 (Macintosh; Intel Mac OS X 10_12_6) AppleWebKit/537.36 (KHTML, like Gecko) Chrome/63.0.3239.84 Safari/537.36",
  "accept": "text/css,*/*;q=0.1",
  "referer": "http://localhost:5000/guestBook.html",
  "accept-encoding": "gzip, deflate, br",
  "accept-language": "en-US,en;q=0.9,te;q=0.8"
}
COOKIES=> {}
BODY=> {}
------------------------------
Tue Jan 09 2018 3:13:52 PM
POST /addComment
HEADERS=> {
  "host": "localhost:5000",
  "connection": "keep-alive",
  "content-length": "24",
  "cache-control": "max-age=0",
  "origin": "http://localhost:5000",
  "upgrade-insecure-requests": "1",
  "content-type": "application/x-www-form-urlencoded",
  "user-agent": "Mozilla/5.0 (Macintosh; Intel Mac OS X 10_12_6) AppleWebKit/537.36 (KHTML, like Gecko) Chrome/63.0.3239.84 Safari/537.36",
  "accept": "text/html,application/xhtml+xml,application/xml;q=0.9,image/webp,image/apng,*/*;q=0.8",
  "referer": "http://localhost:5000/guestBook.html",
  "accept-encoding": "gzip, deflate, br",
  "accept-language": "en-US,en;q=0.9,te;q=0.8"
}
COOKIES=> {}
BODY=> {
  "name": "safad",
  "comment": "asfdf"
}
------------------------------
Tue Jan 09 2018 3:13:52 PM
GET /guestBook.html
HEADERS=> {
  "host": "localhost:5000",
  "connection": "keep-alive",
  "cache-control": "max-age=0",
  "upgrade-insecure-requests": "1",
  "user-agent": "Mozilla/5.0 (Macintosh; Intel Mac OS X 10_12_6) AppleWebKit/537.36 (KHTML, like Gecko) Chrome/63.0.3239.84 Safari/537.36",
  "accept": "text/html,application/xhtml+xml,application/xml;q=0.9,image/webp,image/apng,*/*;q=0.8",
  "referer": "http://localhost:5000/guestBook.html",
  "accept-encoding": "gzip, deflate, br",
  "accept-language": "en-US,en;q=0.9,te;q=0.8"
}
COOKIES=> {}
BODY=> {}
------------------------------
Tue Jan 09 2018 3:13:52 PM
GET /styles/flowerCatalog.css
HEADERS=> {
  "host": "localhost:5000",
  "connection": "keep-alive",
  "user-agent": "Mozilla/5.0 (Macintosh; Intel Mac OS X 10_12_6) AppleWebKit/537.36 (KHTML, like Gecko) Chrome/63.0.3239.84 Safari/537.36",
  "accept": "text/css,*/*;q=0.1",
  "referer": "http://localhost:5000/guestBook.html",
  "accept-encoding": "gzip, deflate, br",
  "accept-language": "en-US,en;q=0.9,te;q=0.8"
}
COOKIES=> {}
BODY=> {}
------------------------------
Tue Jan 09 2018 3:15:17 PM
GET /guestBook.html
HEADERS=> {
  "host": "localhost:5000",
  "connection": "keep-alive",
  "cache-control": "max-age=0",
  "user-agent": "Mozilla/5.0 (Macintosh; Intel Mac OS X 10_12_6) AppleWebKit/537.36 (KHTML, like Gecko) Chrome/63.0.3239.84 Safari/537.36",
  "upgrade-insecure-requests": "1",
  "accept": "text/html,application/xhtml+xml,application/xml;q=0.9,image/webp,image/apng,*/*;q=0.8",
  "referer": "http://localhost:5000/guestBook.html",
  "accept-encoding": "gzip, deflate, br",
  "accept-language": "en-US,en;q=0.9,te;q=0.8"
}
COOKIES=> {}
BODY=> {}
------------------------------
Tue Jan 09 2018 3:15:17 PM
GET /styles/flowerCatalog.css
HEADERS=> {
  "host": "localhost:5000",
  "connection": "keep-alive",
  "user-agent": "Mozilla/5.0 (Macintosh; Intel Mac OS X 10_12_6) AppleWebKit/537.36 (KHTML, like Gecko) Chrome/63.0.3239.84 Safari/537.36",
  "accept": "text/css,*/*;q=0.1",
  "referer": "http://localhost:5000/guestBook.html",
  "accept-encoding": "gzip, deflate, br",
  "accept-language": "en-US,en;q=0.9,te;q=0.8"
}
COOKIES=> {}
BODY=> {}
